C51 COMPILER V9.59.0.0   APP                                                               07/12/2025 10:37:56 PAGE 1   


C51 COMPILER V9.59.0.0, COMPILATION OF MODULE APP
OBJECT MODULE PLACED IN .\list\APP.obj
COMPILER INVOKED BY: D:\KEILC51\C51\BIN\C51.EXE ..\App\src\APP.c LARGE OMF2 OPTIMIZE(8,SPEED) BROWSE INCDIR(..\Driver\in
                    -c;..\User;..\App\inc) DEBUG PRINT(.\list\APP.lst) OBJECT(.\list\APP.obj)

line level    source

   1          /*---------------------------------------------------------------------*/
   2          /* --- STC MCU Limited ------------------------------------------------*/
   3          /* --- STC 1T Series MCU Demo Programme -------------------------------*/
   4          /* --- Mobile: (86)13922805190 ----------------------------------------*/
   5          /* --- Fax: 86-0513-55012956,55012947,55012969 ------------------------*/
   6          /* --- Tel: 86-0513-55012928,55012929,55012966 ------------------------*/
   7          /* --- Web: www.STCMCU.com --------------------------------------------*/
   8          /* --- Web: www.STCMCUDATA.com  ---------------------------------------*/
   9          /* --- QQ:  800003751 -------------------------------------------------*/
  10          /* 要使用此程序,请在工程中注释掉使用STC单片机头文件            */
  11          /*---------------------------------------------------------------------*/
  12          
  13          #include        "APP.h"
  14          #include "pid_storage.h"
  15          
  16          //========================================================================
  17          //                               函数声明       
  18          //========================================================================
  19          
  20          u8 code t_display[]={                       //显示码
  21          //   0    1    2    3    4    5    6    7    8    9    A    B    C    D    E    F
  22              0x3F,0x06,0x5B,0x4F,0x66,0x6D,0x7D,0x07,0x7F,0x6F,0x77,0x7C,0x39,0x5E,0x79,0x71,
  23          //black  -     H    J    K    L    N    o   P    U     t    G    Q    r   M    y
  24              0x00,0x40,0x76,0x1E,0x70,0x38,0x37,0x5C,0x73,0x3E,0x78,0x3d,0x67,0x50,0x37,0x6e,
  25              0xBF,0x86,0xDB,0xCF,0xE6,0xED,0xFD,0x87,0xFF,0xEF,0x46};    //0. 1. 2. 3. 4. 5. 6. 7. 8. 9. -1
  26          
  27          u8 code T_COM[]={0x01,0x02,0x04,0x08,0x10,0x20,0x40,0x80};      //位选
  28          
  29          u8 code T_KeyTable[16] = {0,1,2,0,3,0,0,0,4,0,0,0,0,0,0,0};
  30          
  31          //========================================================================
  32          //                               全局变量
  33          //========================================================================
  34          
  35          u8  LED8[8];        //显示缓存
  36          u8  display_index;  //显示位
  37          
  38          u8  IO_KeyState, IO_KeyState1, IO_KeyHoldCnt;    //按键状态
  39          u8  KeyHoldCnt; //按键时间
  40          u8  KeyCode;    //按键编码
  41          u8  cnt50ms;
  42          
  43          u8  hour,minute,second; //RTC
  44          u16 msecond;
  45          
  46          //========================================================================
  47          // 函数: APP_config
  48          // 功能: 应用初始化.
  49          // 参数: None.
  50          // 返回: None.
  51          // 版本: V1.0, 2020-09-24
  52          //========================================================================
  53          void APP_config(void)
  54          {
C51 COMPILER V9.59.0.0   APP                                                               07/12/2025 10:37:56 PAGE 2   

  55   1      //      Lamp_init();
  56   1              ADtoUART_init();
  57   1              INTtoUART_init();
  58   1      //      RTC_init();
  59   1      //      I2C_PS_init();
  60   1      //      SPI_PS_init();
  61   1      //      EEPROM_init();
  62   1      //      WDT_init();
  63   1      //      PWMA_Output_init();
  64   1              PWMB_Output_init();
  65   1      //      PCA_PWM_init();
  66   1      //      PCA_Capture_init();
  67   1      //      PWM15bit_init();
  68   1              
  69   1              // 加载PID参数
  70   1              PID_LoadParams();//从eeprom中加载
  71   1      }
  72          
  73          //========================================================================
  74          // 函数: DisplayScan
  75          // 功能: 显示扫描函数.
  76          // 参数: None.
  77          // 返回: None.
  78          // 版本: V1.0, 2020-09-25
  79          //========================================================================
  80          void DisplayScan(void)
  81          {   
  82   1          P7 = ~T_COM[7-display_index];
  83   1          P6 = ~t_display[LED8[display_index]];
  84   1          if(++display_index >= 8)    display_index = 0;  //8位显示循环到0
  85   1      }


MODULE INFORMATION:   STATIC OVERLAYABLE
   CODE SIZE        =     78    ----
   CONSTANT SIZE    =     67    ----
   XDATA SIZE       =     20    ----
   PDATA SIZE       =   ----    ----
   DATA SIZE        =   ----    ----
   IDATA SIZE       =   ----    ----
   BIT SIZE         =   ----    ----
   EDATA SIZE       =   ----    ----
   HDATA SIZE       =   ----    ----
   XDATA CONST SIZE =   ----    ----
   FAR CONST SIZE   =   ----    ----
END OF MODULE INFORMATION.


C51 COMPILATION COMPLETE.  0 WARNING(S),  0 ERROR(S)
