C51 COMPILER V9.59.0.0   APP_RTC                                                           07/12/2025 10:37:57 PAGE 1   


C51 COMPILER V9.59.0.0, COMPILATION OF MODULE APP_RTC
OBJECT MODULE PLACED IN .\list\APP_RTC.obj
COMPILER INVOKED BY: D:\KEILC51\C51\BIN\C51.EXE ..\App\src\APP_RTC.c LARGE OMF2 OPTIMIZE(8,SPEED) BROWSE INCDIR(..\Drive
                    -r\inc;..\User;..\App\inc) DEBUG PRINT(.\list\APP_RTC.lst) OBJECT(.\list\APP_RTC.obj)

line level    source

   1          /*---------------------------------------------------------------------*/
   2          /* --- STC MCU Limited ------------------------------------------------*/
   3          /* --- STC 1T Series MCU Demo Programme -------------------------------*/
   4          /* --- Mobile: (86)13922805190 ----------------------------------------*/
   5          /* --- Fax: 86-0513-55012956,55012947,55012969 ------------------------*/
   6          /* --- Tel: 86-0513-55012928,55012929,55012966 ------------------------*/
   7          /* --- Web: www.STCMCU.com --------------------------------------------*/
   8          /* --- Web: www.STCMCUDATA.com  ---------------------------------------*/
   9          /* --- QQ:  800003751 -------------------------------------------------*/
  10          /* ШчЙћвЊдкГЬађжаЪЙгУДЫДњТы,ЧыдкГЬађжазЂУїЪЙгУСЫSTCЕФзЪСЯМАГЬађ            */
  11          /*---------------------------------------------------------------------*/
  12          
  13          #include        "APP.h"
  14          #include        "STC8G_H_GPIO.h"
  15          #include        "STC8G_H_I2C.h"
  16          #include        "STC8G_H_NVIC.h"
  17          #include        "STC8G_H_Switch.h"
  18          
  19          /*************  ЙІФмЫЕУї        **************
  20          
  21          БОР§ГЬЛљгкSTC8H8K64UЮЊжїПиаОЦЌЕФЪЕбщЯф8НјааБраДВтЪдЃЌSTC8GЁЂSTC8HЯЕСааОЦЌПЩЭЈгУВЮПМ.
  22          
  23          ЖСаДRTC, ICЮЊPCF8563.
  24          
  25          гУSTCЕФMCUЕФIOЗНЪНЧ§ЖЏ8ЮЛЪ§ТыЙмЁЃ
  26          
  27          ЪЙгУTimer0ЕФ16ЮЛздЖЏжизАРДВњЩњ1msНкХФ,ГЬађдЫаагкетИіНкХФЯТ, гУЛЇаоИФMCUжїЪБжгЦЕТЪЪБ,здЖЏЖЈЪБгк1ms.
  28          
  29          8ЮЛЪ§ТыЙмЯдЪОЪБМф(аЁЪБ-Зжжг-Уы).
  30          
  31          ааСаЩЈУшАДМќМќТыЮЊ17~32.
  32          
  33          АДМќжЛжЇГжЕЅМќАДЯТ, ВЛжЇГжЖрМќЭЌЪБАДЯТ, ФЧбљНЋЛсгаВЛПЩдЄжЊЕФНсЙћ.
  34          
  35          МќАДЯТГЌЙ§1УыКѓ,НЋвд10Мќ/УыЕФЫйЖШЬсЙЉжиМќЪфГі. гУЛЇжЛашвЊМьВтKeyCodeЪЧЗёЗЧ0РДХаЖЯМќЪЧЗёАДЯТ.
  36          
  37          ЕїећЪБМфМќ:
  38          МќТы17: аЁЪБ+.
  39          МќТы18: аЁЪБ-.
  40          МќТы19: Зжжг+.
  41          МќТы20: Зжжг-.
  42          
  43          ЯТдиЪБ, бЁдёЪБжг 24MHz (ПЩвддкХфжУЮФМў"config.h"жааоИФ).
  44          
  45          ******************************************/
  46          
  47          //========================================================================
  48          //                               БОЕиГЃСПЩљУї   
  49          //========================================================================
  50          
  51          
  52          //========================================================================
  53          //                               БОЕиБфСПЩљУї
  54          //========================================================================
C51 COMPILER V9.59.0.0   APP_RTC                                                           07/12/2025 10:37:57 PAGE 2   

  55          
  56          
  57          //========================================================================
  58          //                               БОЕиКЏЪ§ЩљУї
  59          //========================================================================
  60          
  61          void IO_KeyScan(void);   //50ms call
  62          void DisplayRTC(void);
  63          void ReadRTC(void);
  64          void WriteRTC(void);
  65          
  66          //========================================================================
  67          //                            ЭтВПКЏЪ§КЭБфСПЩљУї
  68          //========================================================================
  69          
  70          
  71          //========================================================================
  72          // КЏЪ§: RTC_init
  73          // УшЪі: гУЛЇГѕЪМЛЏГЬађ.
  74          // ВЮЪ§: None.
  75          // ЗЕЛи: None.
  76          // АцБО: V1.0, 2020-09-25
  77          //========================================================================
  78          void RTC_init(void)
  79          {
  80   1              u8  i;
  81   1      
  82   1              I2C_InitTypeDef         I2C_InitStructure;
  83   1              I2C_InitStructure.I2C_Mode      = I2C_Mode_Master;      //жїДгбЁдё   I2C_Mode_Master, I2C_Mode_Slave
  84   1              I2C_InitStructure.I2C_Enable    = ENABLE;                                               //I2CЙІФмЪЙФм,   ENABLE, DISABLE
  85   1              I2C_InitStructure.I2C_MS_WDTA   = DISABLE;                                      //жїЛњЪЙФмздЖЏЗЂЫЭ,  ENABLE, DISABLE
  86   1              I2C_InitStructure.I2C_Speed     = 16;                                                           //змЯпЫйЖШ=Fosc/2/(Speed*2+4),      0~63
  87   1              I2C_Init(&I2C_InitStructure);
  88   1              NVIC_I2C_Init(I2C_Mode_Master,DISABLE,Priority_0);              //жїДгФЃЪН, I2C_Mode_Master, I2C_Mode_Slave; жаЖЯЪЙФм
             -, ENABLE/DISABLE; гХЯШМЖ(ЕЭЕНИп) Priority_0,Priority_1,Priority_2,Priority_3
  89   1              
  90   1              P0_MODE_IO_PU(GPIO_Pin_All);            //P0 ЩшжУЮЊзМЫЋЯђПк
  91   1              P1_MODE_IO_PU(GPIO_Pin_4 | GPIO_Pin_5);         //P1.4,P1.5 ЩшжУЮЊзМЫЋЯђПк
  92   1              P6_MODE_IO_PU(GPIO_Pin_All);            //P6 ЩшжУЮЊзМЫЋЯђПк
  93   1              P7_MODE_IO_PU(GPIO_Pin_All);            //P7 ЩшжУЮЊзМЫЋЯђПк
  94   1              I2C_SW(I2C_P14_P15);                                    //I2C_P14_P15,I2C_P24_P25,I2C_P33_P32
  95   1              display_index = 0;
  96   1              
  97   1              for(i=0; i<8; i++)  LED8[i] = 0x10; //ЩЯЕчЯћвў
  98   1          
  99   1              ReadRTC();
 100   1              F0 = 0;
 101   1              if(second >= 60)    F0 = 1; //ДэЮѓ
 102   1              if(minute >= 60)    F0 = 1; //ДэЮѓ
 103   1              if(hour   >= 24)    F0 = 1; //ДэЮѓ
 104   1              if(F0)  //гаДэЮѓ, ФЌШЯ12:00:00
 105   1              {
 106   2                      second = 0;
 107   2                      minute = 0;
 108   2                      hour  = 12;
 109   2                      WriteRTC();
 110   2              }
 111   1      
 112   1              DisplayRTC();
 113   1              LED8[2] = DIS_;
 114   1              LED8[5] = DIS_;
 115   1      
C51 COMPILER V9.59.0.0   APP_RTC                                                           07/12/2025 10:37:57 PAGE 3   

 116   1              KeyHoldCnt = 0; //МќАДЯТМЦЪБ
 117   1              KeyCode = 0;    //ИјгУЛЇЪЙгУЕФМќТы
 118   1      
 119   1              IO_KeyState = 0;
 120   1              IO_KeyState1 = 0;
 121   1              IO_KeyHoldCnt = 0;
 122   1              cnt50ms = 0;
 123   1      }
 124          
 125          //========================================================================
 126          // КЏЪ§: Sample_RTC
 127          // УшЪі: гУЛЇгІгУГЬађ.
 128          // ВЮЪ§: None.
 129          // ЗЕЛи: None.
 130          // АцБО: V1.0, 2020-09-25
 131          //========================================================================
 132          void Sample_RTC(void)
 133          {
 134   1              DisplayScan();
 135   1              
 136   1              if(++msecond >= 1000)   //1УыЕН
 137   1              {
 138   2                      msecond = 0;
 139   2                      ReadRTC();
 140   2                      DisplayRTC();
 141   2              }
 142   1      
 143   1              if(++cnt50ms >= 50)     //50msЩЈУшвЛДЮааСаМќХЬ
 144   1              {
 145   2                      cnt50ms = 0;
 146   2                      IO_KeyScan();
 147   2              }
 148   1              
 149   1              if(KeyCode != 0)        //гаМќАДЯТ
 150   1              {
 151   2                      if(KeyCode == 17)   //hour +1
 152   2                      {
 153   3                              if(++hour >= 24)    hour = 0;
 154   3                              WriteRTC();
 155   3                              DisplayRTC();
 156   3                      }
 157   2                      if(KeyCode == 18)   //hour -1
 158   2                      {
 159   3                              if(--hour >= 24)    hour = 23;
 160   3                              WriteRTC();
 161   3                              DisplayRTC();
 162   3                      }
 163   2                      if(KeyCode == 19)   //minute +1
 164   2                      {
 165   3                              second = 0;
 166   3                              if(++minute >= 60)  minute = 0;
 167   3                              WriteRTC();
 168   3                              DisplayRTC();
 169   3                      }
 170   2                      if(KeyCode == 20)   //minute -1
 171   2                      {
 172   3                              second = 0;
 173   3                              if(--minute >= 60)  minute = 59;
 174   3                              WriteRTC();
 175   3                              DisplayRTC();
 176   3                      }
 177   2      
C51 COMPILER V9.59.0.0   APP_RTC                                                           07/12/2025 10:37:57 PAGE 4   

 178   2                      KeyCode = 0;
 179   2              }
 180   1      }
 181          
 182          //========================================================================
 183          // КЏЪ§: DisplayRTC
 184          // УшЪі: ЯдЪОЪБжгКЏЪ§.
 185          // ВЮЪ§: None.
 186          // ЗЕЛи: None.
 187          // АцБО: V1.0, 2020-09-25
 188          //========================================================================
 189          void DisplayRTC(void)
 190          {
 191   1          if(hour >= 10)  LED8[0] = hour / 10;
 192   1          else            LED8[0] = DIS_BLACK;
 193   1          LED8[1] = hour % 10;
 194   1          LED8[2] = DIS_;
 195   1          LED8[3] = minute / 10;
 196   1          LED8[4] = minute % 10;
 197   1          LED8[6] = second / 10;
 198   1          LED8[7] = second % 10;
 199   1      }
 200          
 201          //========================================================================
 202          // КЏЪ§: ReadRTC
 203          // УшЪі: ЖСRTCКЏЪ§.
 204          // ВЮЪ§: None.
 205          // ЗЕЛи: None.
 206          // АцБО: V1.0, 2020-09-25
 207          //========================================================================
 208          void ReadRTC(void)
 209          {
 210   1          u8  tmp[3];
 211   1      
 212   1          I2C_ReadNbyte(2, tmp, 3);
 213   1          second = ((tmp[0] >> 4) & 0x07) * 10 + (tmp[0] & 0x0f);
 214   1          minute = ((tmp[1] >> 4) & 0x07) * 10 + (tmp[1] & 0x0f);
 215   1          hour   = ((tmp[2] >> 4) & 0x03) * 10 + (tmp[2] & 0x0f);
 216   1      }
 217          
 218          //========================================================================
 219          // КЏЪ§: WriteRTC
 220          // УшЪі: аДRTCКЏЪ§.
 221          // ВЮЪ§: None.
 222          // ЗЕЛи: None.
 223          // АцБО: V1.0, 2020-09-25
 224          //========================================================================
 225          void WriteRTC(void)
 226          {
 227   1          u8  tmp[3];
 228   1      
 229   1          tmp[0] = ((second / 10) << 4) + (second % 10);
 230   1          tmp[1] = ((minute / 10) << 4) + (minute % 10);
 231   1          tmp[2] = ((hour / 10) << 4) + (hour % 10);
 232   1          I2C_WriteNbyte(2, tmp, 3);
 233   1      }
 234          
 235          
 236          /*****************************************************
 237              ааСаМќЩЈУшГЬађ
 238              ЪЙгУXYВщев4x4МќЕФЗНЗЈЃЌжЛФмЕЅМќЃЌЫйЖШПь
 239          
C51 COMPILER V9.59.0.0   APP_RTC                                                           07/12/2025 10:37:57 PAGE 5   

 240             Y     P04      P05      P06      P07
 241                    |        |        |        |
 242          X         |        |        |        |
 243          P00 ---- K00 ---- K01 ---- K02 ---- K03 ----
 244                    |        |        |        |
 245          P01 ---- K04 ---- K05 ---- K06 ---- K07 ----
 246                    |        |        |        |
 247          P02 ---- K08 ---- K09 ---- K10 ---- K11 ----
 248                    |        |        |        |
 249          P03 ---- K12 ---- K13 ---- K14 ---- K15 ----
 250                    |        |        |        |
 251          ******************************************************/
 252          
 253          
 254          //========================================================================
 255          // КЏЪ§: IO_KeyDelay
 256          // УшЪі: АДМќЩЈУшбгГйГЬађ.
 257          // ВЮЪ§: None.
 258          // ЗЕЛи: None.
 259          // АцБО: V1.0, 2020-09-25
 260          //========================================================================
 261          void IO_KeyDelay(void)
 262          {
 263   1          u8 i;
 264   1          i = 60;
 265   1          while(--i)  ;
 266   1      }
 267          
 268          //========================================================================
 269          // КЏЪ§: IO_KeyScan
 270          // УшЪі: АДМќЩЈУшГЬађ.
 271          // ВЮЪ§: None.
 272          // ЗЕЛи: None.
 273          // АцБО: V1.0, 2020-09-25
 274          //========================================================================
 275          void IO_KeyScan(void)    //50ms call
 276          {
 277   1          u8  j;
 278   1      
 279   1          j = IO_KeyState1;   //БЃДцЩЯвЛДЮзДЬЌ
 280   1      
 281   1          P0 = 0xf0;  //XЕЭЃЌЖСY
 282   1          IO_KeyDelay();
 283   1          IO_KeyState1 = P0 & 0xf0;
 284   1      
 285   1          P0 = 0x0f;  //YЕЭЃЌЖСX
 286   1          IO_KeyDelay();
 287   1          IO_KeyState1 |= (P0 & 0x0f);
 288   1          IO_KeyState1 ^= 0xff;   //ШЁЗД
 289   1          
 290   1          if(j == IO_KeyState1)   //СЌајСНДЮЖСЯрЕШ
 291   1          {
 292   2              j = IO_KeyState;
 293   2              IO_KeyState = IO_KeyState1;
 294   2              if(IO_KeyState != 0)    //гаМќАДЯТ
 295   2              {
 296   3                  F0 = 0;
 297   3                  if(j == 0)  F0 = 1; //ЕквЛДЮАДЯТ
 298   3                  else if(j == IO_KeyState)
 299   3                  {
 300   4                      if(++IO_KeyHoldCnt >= 20)   //1УыКѓжиМќ
 301   4                      {
C51 COMPILER V9.59.0.0   APP_RTC                                                           07/12/2025 10:37:57 PAGE 6   

 302   5                          IO_KeyHoldCnt = 18;
 303   5                          F0 = 1;
 304   5                      }
 305   4                  }
 306   3                  if(F0)
 307   3                  {
 308   4                      j = T_KeyTable[IO_KeyState >> 4];
 309   4                      if((j != 0) && (T_KeyTable[IO_KeyState& 0x0f] != 0)) 
 310   4                          KeyCode = (j - 1) * 4 + T_KeyTable[IO_KeyState & 0x0f] + 16;    //МЦЫуМќТыЃЌ17~32
 311   4                  }
 312   3              }
 313   2              else    IO_KeyHoldCnt = 0;
 314   2          }
 315   1          P0 = 0xff;
 316   1      }


MODULE INFORMATION:   STATIC OVERLAYABLE
   CODE SIZE        =    822    ----
   CONSTANT SIZE    =   ----    ----
   XDATA SIZE       =   ----      12
   PDATA SIZE       =   ----    ----
   DATA SIZE        =   ----    ----
   IDATA SIZE       =   ----    ----
   BIT SIZE         =   ----    ----
   EDATA SIZE       =   ----    ----
   HDATA SIZE       =   ----    ----
   XDATA CONST SIZE =   ----    ----
   FAR CONST SIZE   =   ----    ----
END OF MODULE INFORMATION.


C51 COMPILATION COMPLETE.  0 WARNING(S),  0 ERROR(S)
