C51 COMPILER V9.59.0.0   APP_LAMP                                                          07/12/2025 10:37:57 PAGE 1   


C51 COMPILER V9.59.0.0, COMPILATION OF MODULE APP_LAMP
OBJECT MODULE PLACED IN .\list\APP_Lamp.obj
COMPILER INVOKED BY: D:\KEILC51\C51\BIN\C51.EXE ..\App\src\APP_Lamp.c LARGE OMF2 OPTIMIZE(8,SPEED) BROWSE INCDIR(..\Driv
                    -er\inc;..\User;..\App\inc) DEBUG PRINT(.\list\APP_Lamp.lst) OBJECT(.\list\APP_Lamp.obj)

line level    source

   1          /*---------------------------------------------------------------------*/
   2          /* --- STC MCU Limited ------------------------------------------------*/
   3          /* --- STC 1T Series MCU Demo Programme -------------------------------*/
   4          /* --- Mobile: (86)13922805190 ----------------------------------------*/
   5          /* --- Fax: 86-0513-55012956,55012947,55012969 ------------------------*/
   6          /* --- Tel: 86-0513-55012928,55012929,55012966 ------------------------*/
   7          /* --- Web: www.STCMCU.com --------------------------------------------*/
   8          /* --- Web: www.STCMCUDATA.com  ---------------------------------------*/
   9          /* --- QQ:  800003751 -------------------------------------------------*/
  10          /* 如果要在程序中使用此代码,请在程序中注明使用了STC的资料及程序            */
  11          /*---------------------------------------------------------------------*/
  12          
  13          #include        "APP_Lamp.h"
  14          #include        "STC8G_H_GPIO.h"
  15          
  16          /***************        功能说明        ****************
  17          
  18          本例程基于STC8H8K64U为主控芯片的实验箱8进行编写测试，STC8G、STC8H系列芯片可通用参考.
  19          
  20          程序使用P6口来演示跑马灯，输出低驱动。
  21          
  22          下载时, 选择时钟 24MHz (可以在配置文件"config.h"中修改).
  23          
  24          ******************************************/
  25          
  26          
  27          //========================================================================
  28          //                               本地常量声明   
  29          //========================================================================
  30          
  31          //u8 code ledNum[]={0x01,0x02,0x04,0x08,0x10,0x20,0x40,0x80};
  32          
  33          //========================================================================
  34          //                               本地变量声明
  35          //========================================================================
  36          
  37          u16 ledIndex=0;
  38          
  39          //========================================================================
  40          //                               本地函数声明
  41          //========================================================================
  42          
  43          
  44          //========================================================================
  45          //                            外部函数和变量声明
  46          //========================================================================
  47          
  48          
  49          //========================================================================
  50          // 函数: Lamp_init
  51          // 描述: 用户初始化程序.
  52          // 参数: None.
  53          // 返回: None.
  54          // 版本: V1.0, 2020-09-28
C51 COMPILER V9.59.0.0   APP_LAMP                                                          07/12/2025 10:37:57 PAGE 2   

  55          //========================================================================
  56          void Lamp_init(void)
  57          {
  58   1              P3_MODE_IO_PU(GPIO_Pin_4|GPIO_Pin_5);                   //P4.0设置为准双向口
  59   1              //P6_MODE_IO_PU(GPIO_Pin_All);          //P6 设置为准双向口
  60   1              P34=1;P35=1;
  61   1      }
  62          
  63          //========================================================================
  64          // 函数: Sample_Lamp
  65          // 描述: 用户应用程序.
  66          // 参数: None.
  67          // 返回: None.
  68          // 版本: V1.0, 2020-09-23 
  69          //========================================================================
  70          void Sample_Lamp(void)
  71          {
  72   1      //      P40 = 0;                //LED Power On
  73   1      //      P45 = !P45;     //输出低驱动
  74   1              if(P35)
  75   1              {
  76   2                      ledIndex=0;
  77   2        }
  78   1        else
  79   1        {
  80   2                      if(ledIndex<10000)
  81   2                      ledIndex++;
  82   2                      if(ledIndex==1000)
  83   2                      P34=!P34;       
  84   2        }             
  85   1                      
  86   1      //      ledIndex++;
  87   1      //      if(ledIndex > 7)
  88   1      //      {
  89   1      //              ledIndex = 0;
  90   1      //      }
  91   1      }
  92          


MODULE INFORMATION:   STATIC OVERLAYABLE
   CODE SIZE        =     64    ----
   CONSTANT SIZE    =   ----    ----
   XDATA SIZE       =      2    ----
   PDATA SIZE       =   ----    ----
   DATA SIZE        =   ----    ----
   IDATA SIZE       =   ----    ----
   BIT SIZE         =   ----    ----
   EDATA SIZE       =   ----    ----
   HDATA SIZE       =   ----    ----
   XDATA CONST SIZE =   ----    ----
   FAR CONST SIZE   =   ----    ----
END OF MODULE INFORMATION.


C51 COMPILATION COMPLETE.  0 WARNING(S),  0 ERROR(S)
