C51 COMPILER V9.59.0.0   APP_AD_UART2                                                      08/05/2025 21:01:22 PAGE 1   


C51 COMPILER V9.59.0.0, COMPILATION OF MODULE APP_AD_UART2
OBJECT MODULE PLACED IN .\list\APP_AD_UART2.obj
COMPILER INVOKED BY: D:\KEILC51\C51\BIN\C51.EXE ..\App\src\APP_AD_UART2.c LARGE OMF2 OPTIMIZE(8,SPEED) BROWSE INCDIR(..\
                    -Driver\inc;..\User;..\App\inc) DEBUG PRINT(.\list\APP_AD_UART2.lst) OBJECT(.\list\APP_AD_UART2.obj)

line level    source

   1          /*---------------------------------------------------------------------*/
   2          /* --- STC MCU Limited ------------------------------------------------*/
   3          /* --- STC 1T Series MCU Demo Programme -------------------------------*/
   4          /* --- Mobile: (86)13922805190 ----------------------------------------*/
   5          /* --- Fax: 86-0513-55012956,55012947,55012969 ------------------------*/
   6          /* --- Tel: 86-0513-55012928,55012929,55012966 ------------------------*/
   7          /* --- Web: www.STCMCU.com --------------------------------------------*/
   8          /* --- Web: www.STCMCUDATA.com  ---------------------------------------*/
   9          /* --- QQ:  800003751 -------------------------------------------------*/
  10          /* 如果要在程序中使用此代码,请在程序中注明使用了STC的资料及程序            */
  11          /*---------------------------------------------------------------------*/
  12          
  13          #include        "APP_AD_UART2.h"
  14          #include        "STC8G_H_GPIO.h"
  15          #include        "STC8G_H_ADC.h"
  16          #include        "STC8G_H_UART.h"
  17          #include        "STC8G_H_NVIC.h"
  18          #include        "APP_PWM.h"
  19          #include    "APP_PWMB_Output.h"  // 添加头文件引用
  20          
  21          
  22          /*************  功能说明        **************
  23          
  24          本例程基于STC8H8K64U为主控芯片的实验箱8进行编写测试，STC8G、STC8H系列芯片可通用参考.
  25          
  26          本程序演示多路ADC查询采样，通过串口2发送给上位机，波特率115200,N,8,1。
  27          
  28          用定时器做波特率发生器，建议使用1T模式(除非低波特率用12T)，并选择可被波特率整除的时钟频率，以提高精度。
  29          
  30          下载时, 选择时钟 22.1184MHz (可以在配置文件"config.h"中修改).
  31          
  32          ******************************************/
  33          
  34          
  35          //========================================================================
  36          //                               本地常量声明   
  37          //========================================================================
  38          
  39          
  40          //========================================================================
  41          //                               本地变量声明
  42          //========================================================================
  43          bit ad_flag;
  44          //u8 index = 0;
  45          u16 get_adc0;
  46          u16 get_adc1;
  47          //========================================================================
  48          //                               本地函数声明
  49          //========================================================================
  50          
  51          
  52          //========================================================================
  53          //                            外部函数和变量声明
  54          //========================================================================
C51 COMPILER V9.59.0.0   APP_AD_UART2                                                      08/05/2025 21:01:22 PAGE 2   

  55          extern u8 start_flag;//状态机主流程标志
  56          
  57          //========================================================================
  58          // 函数: ADtoUART_init
  59          // 描述: 用户初始化程序.
  60          // 参数: None.
  61          // 返回: None.
  62          // 版本: V1.0, 2020-09-28
  63          //========================================================================
  64          void ADtoUART_init(void)
  65          {
  66   1              ADC_InitTypeDef         ADC_InitStructure;              //结构定义
  67   1      //      COMx_InitDefine         COMx_InitStructure;                                     //结构定义
  68   1        
  69   1              P1_MODE_IN_HIZ(GPIO_Pin_6 | GPIO_Pin_7 | GPIO_Pin_0);           //P1.0~P1.3 设置为高阻输入
  70   1      //      P1_MODE_IO_PU(GPIO_Pin_0|GPIO_Pin_1|GPIO_Pin_2);
  71   1      //      P4_MODE_IO_PU(GPIO_Pin_6 | GPIO_Pin_7); //P4.6,P4.7 设置为准双向口
  72   1              
  73   1      //      COMx_InitStructure.UART_Mode      = UART_8bit_BRTx;             //模式,   UART_ShiftRight,UART_8bit_BRTx,UART_9bit
             -,UART_9bit_BRTx
  74   1      ////    COMx_InitStructure.UART_BRT_Use   = BRT_Timer2;                 //选择波特率发生器, BRT_Timer2 (注意: 串口2固定使用
             -BRT_Timer2, 所以不用选择)
  75   1      //      COMx_InitStructure.UART_BaudRate  = 115200ul;                   //波特率,     110 ~ 115200
  76   1      //      COMx_InitStructure.UART_RxEnable  = ENABLE;                             //接收允许,   ENABLE或DISABLE
  77   1      //      UART_Configuration(UART2, &COMx_InitStructure);         //初始化串口2 USART1,USART2,USART3,USART4
  78   1      //      NVIC_UART2_Init(ENABLE,Priority_1);             //中断使能, ENABLE/DISABLE; 优先级(低到高) Priority_0,Priority_1,P
             -riority_2,Priority_3
  79   1      
  80   1              ADC_InitStructure.ADC_SMPduty   = 15;           //ADC 模拟信号采样时间控制, 0~31（注意： SMPDUTY 一定不能设置小于 
             -10）
  81   1              ADC_InitStructure.ADC_CsSetup   = 0;            //ADC 通道选择时间控制 0(默认),1
  82   1              ADC_InitStructure.ADC_CsHold    = 0;            //ADC 通道选择保持时间控制 0,1(默认),2,3
  83   1              ADC_InitStructure.ADC_Speed     = ADC_SPEED_2X1T;               //设置 ADC 工作时钟频率 ADC_SPEED_2X1T~ADC_SPEED_2X16T
  84   1              ADC_InitStructure.ADC_AdjResult = ADC_RIGHT_JUSTIFIED;  //ADC结果调整,  ADC_LEFT_JUSTIFIED,ADC_RIGHT_JUSTIF
             -IED
  85   1              ADC_Inilize(&ADC_InitStructure);                //初始化
  86   1              ADC_PowerControl(ENABLE);                                               //ADC电源开关, ENABLE或DISABLE
  87   1              NVIC_ADC_Init(DISABLE,Priority_0);              //中断使能, ENABLE/DISABLE; 优先级(低到高) Priority_0,Priority_1,Prio
             -rity_2,Priority_3
  88   1      }
  89          
  90          //========================================================================
  91          // 函数: Sample_ADtoUART
  92          // 描述: 用户应用程序.
  93          // 参数: None.
  94          // 返回: None.
  95          // 版本: V1.0, 2020-09-24
  96          //========================================================================
  97          void Sample_ADtoUART(void)
  98          {
  99   1              // ADC采样 - 必须执行，否则PID控制无法获取当前位置
 100   1         get_adc1= Get_ADCResult(6);
 101   1              if(start_flag == 20) {  // 只在PID控制模式下执行
 102   2              Parameter_adjustment();     // PWM参数调整
 103   2      //                          if(abs(get_adc1 - Target) < 50) //用于"到位判定"，只影响是否发送到位信号
 104   2      //            {  
 105   2      //            // 发送PID控制目标位置确认信息
 106   2      //                TX1_write2buff(0x5A);TX1_write2buff(0xA5);TX1_write2buff(0x20);
 107   2      //            }
 108   2          }
 109   1      
 110   1              //函数作用：这是一个PID控制器的实现，用于控制电机的位置
C51 COMPILER V9.59.0.0   APP_AD_UART2                                                      08/05/2025 21:01:22 PAGE 3   

 111   1      //它通过比较目标位置(Target)和当前位置(get_adc1)来计算误差
 112   1      //根据误差使用PID算法计算输出值，然后调整PWM占空比来控制电机运动
 113   1      //当位置误差小于死区阈值时，会停止电机运动
 114   1      //为什么每20ms执行一次：
 115   1      //从代码中可以看到，这个函数是在Sample_ADtoUART()中被调用的
 116   1      //根据Task.c中的配置，这个任务每500ms执行一次
 117   1      //20ms的执行频率是PID控制的一个常见采样周期，这个频率：
 118   1      //足够快以保持控制的精确性
 119   1      //又不会太快导致系统资源浪费
 120   1      //能够及时响应位置变化
 121   1      //符合大多数电机控制系统的需求
 122   1      //      u16     j;
 123   1      //  if(ad_flag)
 124   1      //      {get_adc1= Get_ADCResult(6);}//IP1S
 125   1      //      else
 126   1      //      {get_adc0= Get_ADCResult(0);}//IP2S
 127   1      //  ad_flag=!ad_flag;   
 128   1      //      P12=!P12;
 129   1      
 130   1      //      get_adc=j;
 131   1      //      TX2_write2buff('A');
 132   1      //      TX2_write2buff('D');
 133   1      //      TX2_write2buff(index+'0');
 134   1      //      TX2_write2buff('=');
 135   1      //      TX2_write2buff(j/1000 + '0');
 136   1      //      TX2_write2buff(j%1000/100 + '0');
 137   1      //      TX2_write2buff(j%100/10 + '0');
 138   1      //      TX2_write2buff(j%10 + '0');
 139   1      //      TX2_write2buff(' ');
 140   1      //      TX2_write2buff(' ');
 141   1      
 142   1      //      index++;
 143   1      //      if(index > 4)
 144   1      //      {
 145   1      //              index = 0;
 146   1      //              PrintString2("\r\n");
 147   1      //      }
 148   1      }
 149          
 150          
 151          


MODULE INFORMATION:   STATIC OVERLAYABLE
   CODE SIZE        =     70    ----
   CONSTANT SIZE    =   ----    ----
   XDATA SIZE       =      4       5
   PDATA SIZE       =   ----    ----
   DATA SIZE        =   ----    ----
   IDATA SIZE       =   ----    ----
   BIT SIZE         =      1    ----
   EDATA SIZE       =   ----    ----
   HDATA SIZE       =   ----    ----
   XDATA CONST SIZE =   ----    ----
   FAR CONST SIZE   =   ----    ----
END OF MODULE INFORMATION.


C51 COMPILATION COMPLETE.  0 WARNING(S),  0 ERROR(S)
