C51 COMPILER V9.59.0.0   APP_PWMA_OUTPUT                                                   07/12/2025 10:37:59 PAGE 1   


C51 COMPILER V9.59.0.0, COMPILATION OF MODULE APP_PWMA_OUTPUT
OBJECT MODULE PLACED IN .\list\APP_PWMA_Output.obj
COMPILER INVOKED BY: D:\KEILC51\C51\BIN\C51.EXE ..\App\src\APP_PWMA_Output.c LARGE OMF2 OPTIMIZE(8,SPEED) BROWSE INCDIR(
                    -..\Driver\inc;..\User;..\App\inc) DEBUG PRINT(.\list\APP_PWMA_Output.lst) OBJECT(.\list\APP_PWMA_Output.obj)

line level    source

   1          /*---------------------------------------------------------------------*/
   2          /* --- STC MCU Limited ------------------------------------------------*/
   3          /* --- STC 1T Series MCU Demo Programme -------------------------------*/
   4          /* --- Mobile: (86)13922805190 ----------------------------------------*/
   5          /* --- Fax: 86-0513-55012956,55012947,55012969 ------------------------*/
   6          /* --- Tel: 86-0513-55012928,55012929,55012966 ------------------------*/
   7          /* --- Web: www.STCMCU.com --------------------------------------------*/
   8          /* --- Web: www.STCMCUDATA.com  ---------------------------------------*/
   9          /* --- QQ:  800003751 -------------------------------------------------*/
  10          /* Из№ыТӘФЪіМРтЦРК№УГҙЛҙъВл,ЗлФЪіМРтЦРЧўГчК№УГБЛSTCөДЧКБПј°іМРт            */
  11          /*---------------------------------------------------------------------*/
  12          
  13          #include        "APP.h"
  14          #include        "STC8H_PWM.h"
  15          #include        "STC8G_H_GPIO.h"
  16          #include        "STC8G_H_NVIC.h"
  17          
  18          /*************  №ҰДЬЛөГч        **************
  19          
  20          ұҫАэіМ»щУЪSTC8H8K64UОӘЦчҝШРҫЖ¬өДКөСйПд8ҪшРРұаРҙІвКФЈ¬STC8HПөБРРҫЖ¬ҝЙНЁУГІОҝј.
  21          
  22          ёЯј¶PWM¶ЁКұЖч PWM1P/PWM1N,PWM2P/PWM2N,PWM3P/PWM3N,PWM4P/PWM4N ГҝёцНЁөА¶јҝЙ¶АБўКөПЦPWMКдіцЈ¬»тХЯБҪБҪ»ҘІ№¶Фі
             -ЖКдіц.
  23          
  24          8ёцНЁөАPWMЙиЦГ¶ФУҰP6өД8ёц¶ЛҝЪ.
  25          
  26          НЁ№эP6ҝЪЙПБ¬ҪУөД8ёцLEDөЖЈ¬АыУГPWMКөПЦәфОьөЖР§№ы.
  27          
  28          PWMЦЬЖЪәНХјҝХұИҝЙТФёщҫЭРиТӘЧФРРЙиЦГЈ¬ЧоёЯҝЙҙп65535.
  29          
  30          ПВФШКұ, СЎФсКұЦУ 24MHZ (УГ»§ҝЙФЪ"config.h"РЮёДЖөВК).
  31          
  32          ******************************************/
  33          
  34          
  35          //========================================================================
  36          //                               ұҫөШіЈБҝЙщГч   
  37          //========================================================================
  38          
  39          
  40          //========================================================================
  41          //                               ұҫөШұдБҝЙщГч
  42          //========================================================================
  43          
  44          PWMx_Duty PWMA_Duty;
  45          bit PWM1_Flag;
  46          bit PWM2_Flag;
  47          bit PWM3_Flag;
  48          bit PWM4_Flag;
  49          
  50          //========================================================================
  51          //                               ұҫөШәҜКэЙщГч
  52          //========================================================================
  53          
C51 COMPILER V9.59.0.0   APP_PWMA_OUTPUT                                                   07/12/2025 10:37:59 PAGE 2   

  54          
  55          //========================================================================
  56          //                            НвІҝәҜКэәНұдБҝЙщГч
  57          //========================================================================
  58          
  59          
  60          //========================================================================
  61          // әҜКэ: PWMA_Output_init
  62          // ГиКц: УГ»§іхКј»ҜіМРт.
  63          // ІОКэ: None.
  64          // ·ө»Ш: None.
  65          // °жұҫ: V1.0, 2020-09-28
  66          //========================================================================
  67          void PWMA_Output_init(void)
  68          {
  69   1              PWMx_InitDefine         PWMx_InitStructure;
  70   1              
  71   1              PWMA_Duty.PWM1_Duty = 128;
  72   1              PWMA_Duty.PWM2_Duty = 256;
  73   1              PWMA_Duty.PWM3_Duty = 512;
  74   1              PWMA_Duty.PWM4_Duty = 1024;
  75   1      
  76   1              PWMx_InitStructure.PWM_Mode    =        CCMRn_PWM_MODE1;        //ДЈКҪ,         CCMRn_FREEZE,CCMRn_MATCH_VALID,CCMRn_MATCH_INV
             -ALID,CCMRn_ROLLOVER,CCMRn_FORCE_INVALID,CCMRn_FORCE_VALID,CCMRn_PWM_MODE1,CCMRn_PWM_MODE2
  77   1              PWMx_InitStructure.PWM_Duty    = PWMA_Duty.PWM1_Duty;   //PWMХјҝХұИКұјд, 0~Period
  78   1              PWMx_InitStructure.PWM_EnoSelect   = ENO1P | ENO1N;     //КдіцНЁөАСЎФс, ENO1P,ENO1N,ENO2P,ENO2N,ENO3P,ENO3N,E
             -NO4P,ENO4N / ENO5P,ENO6P,ENO7P,ENO8P
  79   1              PWM_Configuration(PWM1, &PWMx_InitStructure);                           //іхКј»ҜPWM,  PWMA,PWMB
  80   1      
  81   1              PWMx_InitStructure.PWM_Mode    =        CCMRn_PWM_MODE1;        //ДЈКҪ,         CCMRn_FREEZE,CCMRn_MATCH_VALID,CCMRn_MATCH_INV
             -ALID,CCMRn_ROLLOVER,CCMRn_FORCE_INVALID,CCMRn_FORCE_VALID,CCMRn_PWM_MODE1,CCMRn_PWM_MODE2
  82   1              PWMx_InitStructure.PWM_Duty    = PWMA_Duty.PWM2_Duty;   //PWMХјҝХұИКұјд, 0~Period
  83   1              PWMx_InitStructure.PWM_EnoSelect   = ENO2P | ENO2N;     //КдіцНЁөАСЎФс, ENO1P,ENO1N,ENO2P,ENO2N,ENO3P,ENO3N,E
             -NO4P,ENO4N / ENO5P,ENO6P,ENO7P,ENO8P
  84   1              PWM_Configuration(PWM2, &PWMx_InitStructure);                           //іхКј»ҜPWM,  PWMA,PWMB
  85   1      
  86   1              PWMx_InitStructure.PWM_Mode    =        CCMRn_PWM_MODE1;        //ДЈКҪ,         CCMRn_FREEZE,CCMRn_MATCH_VALID,CCMRn_MATCH_INV
             -ALID,CCMRn_ROLLOVER,CCMRn_FORCE_INVALID,CCMRn_FORCE_VALID,CCMRn_PWM_MODE1,CCMRn_PWM_MODE2
  87   1              PWMx_InitStructure.PWM_Duty    = PWMA_Duty.PWM3_Duty;   //PWMХјҝХұИКұјд, 0~Period
  88   1              PWMx_InitStructure.PWM_EnoSelect   = ENO3P | ENO3N;     //КдіцНЁөАСЎФс, ENO1P,ENO1N,ENO2P,ENO2N,ENO3P,ENO3N,E
             -NO4P,ENO4N / ENO5P,ENO6P,ENO7P,ENO8P
  89   1              PWM_Configuration(PWM3, &PWMx_InitStructure);                           //іхКј»ҜPWM,  PWMA,PWMB
  90   1      
  91   1              PWMx_InitStructure.PWM_Mode    =        CCMRn_PWM_MODE1;        //ДЈКҪ,         CCMRn_FREEZE,CCMRn_MATCH_VALID,CCMRn_MATCH_INV
             -ALID,CCMRn_ROLLOVER,CCMRn_FORCE_INVALID,CCMRn_FORCE_VALID,CCMRn_PWM_MODE1,CCMRn_PWM_MODE2
  92   1              PWMx_InitStructure.PWM_Duty    = PWMA_Duty.PWM4_Duty;   //PWMХјҝХұИКұјд, 0~Period
  93   1              PWMx_InitStructure.PWM_EnoSelect   = ENO4P | ENO4N;     //КдіцНЁөАСЎФс, ENO1P,ENO1N,ENO2P,ENO2N,ENO3P,ENO3N,E
             -NO4P,ENO4N / ENO5P,ENO6P,ENO7P,ENO8P
  94   1              PWM_Configuration(PWM4, &PWMx_InitStructure);                           //іхКј»ҜPWM,  PWMA,PWMB
  95   1      
  96   1              PWMx_InitStructure.PWM_Period   = 2047;                                                 //ЦЬЖЪКұјд,   0~65535
  97   1              PWMx_InitStructure.PWM_DeadTime = 0;                                                            //ЛАЗш·ўЙъЖчЙиЦГ, 0~255
  98   1              PWMx_InitStructure.PWM_MainOutEnable= ENABLE;                           //ЦчКдіцК№ДЬ, ENABLE,DISABLE
  99   1              PWMx_InitStructure.PWM_CEN_Enable   = ENABLE;                           //К№ДЬјЖКэЖч, ENABLE,DISABLE
 100   1              PWM_Configuration(PWMA, &PWMx_InitStructure);                           //іхКј»ҜPWMНЁУГјДҙжЖч,  PWMA,PWMB
 101   1      
 102   1              P4_MODE_IO_PU(GPIO_Pin_0);                      //P4.0 ЙиЦГОӘЧјЛ«ПтҝЪ
 103   1              P6_MODE_IO_PU(GPIO_Pin_All);            //P6 ЙиЦГОӘЧјЛ«ПтҝЪ
 104   1              NVIC_PWM_Init(PWMA,DISABLE,Priority_0);
 105   1              P40 = 0;                //ҙтҝӘLEDөзФҙ
 106   1      }
 107          
C51 COMPILER V9.59.0.0   APP_PWMA_OUTPUT                                                   07/12/2025 10:37:59 PAGE 3   

 108          //========================================================================
 109          // әҜКэ: Sample_PWMA_Output
 110          // ГиКц: УГ»§УҰУГіМРт.
 111          // ІОКэ: None.
 112          // ·ө»Ш: None.
 113          // °жұҫ: V1.0, 2020-09-28
 114          //========================================================================
 115          void Sample_PWMA_Output(void)
 116          {
 117   1              if(!PWM1_Flag)
 118   1              {
 119   2                      PWMA_Duty.PWM1_Duty++;
 120   2                      if(PWMA_Duty.PWM1_Duty >= 2047) PWM1_Flag = 1;
 121   2              }
 122   1              else
 123   1              {
 124   2                      PWMA_Duty.PWM1_Duty--;
 125   2                      if(PWMA_Duty.PWM1_Duty <= 0) PWM1_Flag = 0;
 126   2              }
 127   1      
 128   1              if(!PWM2_Flag)
 129   1              {
 130   2                      PWMA_Duty.PWM2_Duty++;
 131   2                      if(PWMA_Duty.PWM2_Duty >= 2047) PWM2_Flag = 1;
 132   2              }
 133   1              else
 134   1              {
 135   2                      PWMA_Duty.PWM2_Duty--;
 136   2                      if(PWMA_Duty.PWM2_Duty <= 0) PWM2_Flag = 0;
 137   2              }
 138   1      
 139   1              if(!PWM3_Flag)
 140   1              {
 141   2                      PWMA_Duty.PWM3_Duty++;
 142   2                      if(PWMA_Duty.PWM3_Duty >= 2047) PWM3_Flag = 1;
 143   2              }
 144   1              else
 145   1              {
 146   2                      PWMA_Duty.PWM3_Duty--;
 147   2                      if(PWMA_Duty.PWM3_Duty <= 0) PWM3_Flag = 0;
 148   2              }
 149   1      
 150   1              if(!PWM4_Flag)
 151   1              {
 152   2                      PWMA_Duty.PWM4_Duty++;
 153   2                      if(PWMA_Duty.PWM4_Duty >= 2047) PWM4_Flag = 1;
 154   2              }
 155   1              else
 156   1              {
 157   2                      PWMA_Duty.PWM4_Duty--;
 158   2                      if(PWMA_Duty.PWM4_Duty <= 0) PWM4_Flag = 0;
 159   2              }
 160   1              
 161   1              UpdatePwm(PWMA, &PWMA_Duty);
 162   1      }
 163          
 164          
 165          


MODULE INFORMATION:   STATIC OVERLAYABLE
   CODE SIZE        =    510    ----
C51 COMPILER V9.59.0.0   APP_PWMA_OUTPUT                                                   07/12/2025 10:37:59 PAGE 4   

   CONSTANT SIZE    =   ----    ----
   XDATA SIZE       =     16       9
   PDATA SIZE       =   ----    ----
   DATA SIZE        =   ----    ----
   IDATA SIZE       =   ----    ----
   BIT SIZE         =      4    ----
   EDATA SIZE       =   ----    ----
   HDATA SIZE       =   ----    ----
   XDATA CONST SIZE =   ----    ----
   FAR CONST SIZE   =   ----    ----
END OF MODULE INFORMATION.


C51 COMPILATION COMPLETE.  0 WARNING(S),  0 ERROR(S)
