C51 COMPILER V9.59.0.0   STC8G_PWM15BIT_ISR                                                07/12/2025 10:38:08 PAGE 1   


C51 COMPILER V9.59.0.0, COMPILATION OF MODULE STC8G_PWM15BIT_ISR
OBJECT MODULE PLACED IN .\list\STC8G_PWM15bit_Isr.obj
COMPILER INVOKED BY: D:\KEILC51\C51\BIN\C51.EXE ..\Driver\isr\STC8G_PWM15bit_Isr.c LARGE OMF2 OPTIMIZE(8,SPEED) BROWSE I
                    -NCDIR(..\Driver\inc;..\User;..\App\inc) DEBUG PRINT(.\list\STC8G_PWM15bit_Isr.lst) OBJECT(.\list\STC8G_PWM15bit_Isr.obj)

line level    source

   1          /*---------------------------------------------------------------------*/
   2          /* --- STC MCU Limited ------------------------------------------------*/
   3          /* --- STC 1T Series MCU Demo Programme -------------------------------*/
   4          /* --- Mobile: (86)13922805190 ----------------------------------------*/
   5          /* --- Fax: 86-0513-55012956,55012947,55012969 ------------------------*/
   6          /* --- Tel: 86-0513-55012928,55012929,55012966 ------------------------*/
   7          /* --- Web: www.STCMCU.com --------------------------------------------*/
   8          /* --- Web: www.STCMCUDATA.com  ---------------------------------------*/
   9          /* --- QQ:  800003751 -------------------------------------------------*/
  10          /* ШчЙћвЊдкГЬађжаЪЙгУДЫДњТы,ЧыдкГЬађжазЂУїЪЙгУСЫSTCЕФзЪСЯМАГЬађ            */
  11          /*---------------------------------------------------------------------*/
  12          
  13          #include        "STC8G_PWM15bit.h"
  14          
  15          //========================================================================
  16          // КЏЪ§: PWM0_ISR_Handler
  17          // УшЪі: 15ЮЛдіЧПаЭPWM0жаЖЯКЏЪ§.
  18          // ВЮЪ§: none.
  19          // ЗЕЛи: none.
  20          // АцБО: V1.0, 2020-09-23
  21          //========================================================================
  22          void    PWM0_ISR_Handler (void) interrupt PWM0_VECTOR
  23          {
  24   1              char store;
  25   1              store = P_SW2;
  26   1              P_SW2 |= 0x80;
  27   1      
  28   1              if(PWMCFG01 & 0x08)             //PWM0МЦЪ§ЦїжаЖЯ
  29   1              {
  30   2                      PWMCFG01 &= ~0x08;              //ЧхPWM0МЦЪ§ЦїжаЖЯБъжО
  31   2                      // TODO: дкДЫДІЬэМггУЛЇДњТы
  32   2              }
  33   1              if(PWM0IF)              //PWM0ЦЅХфжаЖЯ
  34   1              {
  35   2                      PWM0IF = 0;
  36   2                      // TODO: дкДЫДІЬэМггУЛЇДњТы
  37   2              }
  38   1              P_SW2 = store;
  39   1      }
  40          
  41          //========================================================================
  42          // КЏЪ§: PWM1_ISR_Handler
  43          // УшЪі: 15ЮЛдіЧПаЭPWM1жаЖЯКЏЪ§.
  44          // ВЮЪ§: none.
  45          // ЗЕЛи: none.
  46          // АцБО: V1.0, 2020-09-23
  47          //========================================================================
  48          void    PWM1_ISR_Handler (void) interrupt PWM1_VECTOR
  49          {
  50   1              char store;
  51   1              store = P_SW2;
  52   1              P_SW2 |= 0x80;
  53   1      
  54   1              if(PWMCFG01 & 0x80)             //PWM1МЦЪ§ЦїжаЖЯ
C51 COMPILER V9.59.0.0   STC8G_PWM15BIT_ISR                                                07/12/2025 10:38:08 PAGE 2   

  55   1              {
  56   2                      PWMCFG01 &= ~0x80;              //ЧхPWM1МЦЪ§ЦїжаЖЯБъжО
  57   2                      // TODO: дкДЫДІЬэМггУЛЇДњТы
  58   2              }
  59   1              if(PWM1IF)              //PWM1ЦЅХфжаЖЯ
  60   1              {
  61   2                      PWM1IF = 0;
  62   2                      // TODO: дкДЫДІЬэМггУЛЇДњТы
  63   2              }
  64   1              P_SW2 = store;
  65   1      }
  66          
  67          //========================================================================
  68          // КЏЪ§: PWM2_ISR_Handler
  69          // УшЪі: 15ЮЛдіЧПаЭPWM2жаЖЯКЏЪ§.
  70          // ВЮЪ§: none.
  71          // ЗЕЛи: none.
  72          // АцБО: V1.0, 2020-09-23
  73          //========================================================================
  74          void    PWM2_ISR_Handler (void) interrupt PWM2_VECTOR
  75          {
  76   1              char store;
  77   1              store = P_SW2;
  78   1              P_SW2 |= 0x80;
  79   1      
  80   1              if(PWMCFG23 & 0x08)             //PWM2МЦЪ§ЦїжаЖЯ
  81   1              {
  82   2                      PWMCFG23 &= ~0x08;              //ЧхPWM2МЦЪ§ЦїжаЖЯБъжО
  83   2                      // TODO: дкДЫДІЬэМггУЛЇДњТы
  84   2              }
  85   1              if(PWM2IF)              //PWM2ЦЅХфжаЖЯ
  86   1              {
  87   2                      PWM2IF = 0;
  88   2                      // TODO: дкДЫДІЬэМггУЛЇДњТы
  89   2              }
  90   1              P_SW2 = store;
  91   1      }
  92          
  93          //========================================================================
  94          // КЏЪ§: PWM3_ISR_Handler
  95          // УшЪі: 15ЮЛдіЧПаЭPWM3жаЖЯКЏЪ§.
  96          // ВЮЪ§: none.
  97          // ЗЕЛи: none.
  98          // АцБО: V1.0, 2020-09-23
  99          //========================================================================
 100          void    PWM3_ISR_Handler (void) interrupt PWM3_VECTOR
 101          {
 102   1              char store;
 103   1              store = P_SW2;
 104   1              P_SW2 |= 0x80;
 105   1      
 106   1              if(PWMCFG23 & 0x80)             //PWM3МЦЪ§ЦїжаЖЯ
 107   1              {
 108   2                      PWMCFG23 &= ~0x80;              //ЧхPWM3МЦЪ§ЦїжаЖЯБъжО
 109   2                      // TODO: дкДЫДІЬэМггУЛЇДњТы
 110   2              }
 111   1              if(PWM3IF)              //PWM3ЦЅХфжаЖЯ
 112   1              {
 113   2                      PWM3IF = 0;
 114   2                      // TODO: дкДЫДІЬэМггУЛЇДњТы
 115   2              }
 116   1              P_SW2 = store;
C51 COMPILER V9.59.0.0   STC8G_PWM15BIT_ISR                                                07/12/2025 10:38:08 PAGE 3   

 117   1      }
 118          
 119          //========================================================================
 120          // КЏЪ§: PWM4_ISR_Handler
 121          // УшЪі: 15ЮЛдіЧПаЭPWM4жаЖЯКЏЪ§.
 122          // ВЮЪ§: none.
 123          // ЗЕЛи: none.
 124          // АцБО: V1.0, 2020-09-23
 125          //========================================================================
 126          void    PWM4_ISR_Handler (void) interrupt PWM4_VECTOR
 127          {
 128   1              char store;
 129   1              store = P_SW2;
 130   1              P_SW2 |= 0x80;
 131   1      
 132   1              if(PWMCFG45 & 0x08)             //PWM4МЦЪ§ЦїжаЖЯ
 133   1              {
 134   2                      PWMCFG45 &= ~0x08;              //ЧхPWM4МЦЪ§ЦїжаЖЯБъжО
 135   2                      // TODO: дкДЫДІЬэМггУЛЇДњТы
 136   2              }
 137   1              if(PWM4IF)              //PWM4ЦЅХфжаЖЯ
 138   1              {
 139   2                      PWM4IF = 0;
 140   2                      // TODO: дкДЫДІЬэМггУЛЇДњТы
 141   2              }
 142   1              P_SW2 = store;
 143   1      }
 144          
 145          //========================================================================
 146          // КЏЪ§: PWM5_ISR_Handler
 147          // УшЪі: 15ЮЛдіЧПаЭPWM5жаЖЯКЏЪ§.
 148          // ВЮЪ§: none.
 149          // ЗЕЛи: none.
 150          // АцБО: V1.0, 2020-09-23
 151          //========================================================================
 152          //void  PWM5_ISR_Handler (void) interrupt PWM5_VECTOR   //жаЖЯЯђСПКХГЌЙ§31ЃЌПЩНшжњЦфЫќжаЖЯКХЬјзЊЃЌЗНЗЈЯъМћЙцИ
             -ёЪщНщЩм
 153          //{
 154          //      if(PWMCFG45 & 0x80)             //PWM5МЦЪ§ЦїжаЖЯ
 155          //      {
 156          //              PWMCFG45 &= ~0x80;              //ЧхPWM5МЦЪ§ЦїжаЖЯБъжО
 157          //              // TODO: дкДЫДІЬэМггУЛЇДњТы
 158          //      }
 159          //}


MODULE INFORMATION:   STATIC OVERLAYABLE
   CODE SIZE        =    250    ----
   CONSTANT SIZE    =   ----    ----
   XDATA SIZE       =   ----    ----
   PDATA SIZE       =   ----    ----
   DATA SIZE        =   ----    ----
   IDATA SIZE       =   ----    ----
   BIT SIZE         =   ----    ----
   EDATA SIZE       =   ----    ----
   HDATA SIZE       =   ----    ----
   XDATA CONST SIZE =   ----    ----
   FAR CONST SIZE   =   ----    ----
END OF MODULE INFORMATION.


C51 COMPILATION COMPLETE.  0 WARNING(S),  0 ERROR(S)
