C51 COMPILER V9.59.0.0   STC8G_H_GPIO                                                      07/12/2025 10:38:02 PAGE 1   


C51 COMPILER V9.59.0.0, COMPILATION OF MODULE STC8G_H_GPIO
OBJECT MODULE PLACED IN .\list\STC8G_H_GPIO.obj
COMPILER INVOKED BY: D:\KEILC51\C51\BIN\C51.EXE ..\Driver\src\STC8G_H_GPIO.c LARGE OMF2 OPTIMIZE(8,SPEED) BROWSE INCDIR(
                    -..\Driver\inc;..\User;..\App\inc) DEBUG PRINT(.\list\STC8G_H_GPIO.lst) OBJECT(.\list\STC8G_H_GPIO.obj)

line level    source

   1          /*---------------------------------------------------------------------*/
   2          /* --- STC MCU Limited ------------------------------------------------*/
   3          /* --- STC 1T Series MCU Demo Programme -------------------------------*/
   4          /* --- Mobile: (86)13922805190 ----------------------------------------*/
   5          /* --- Fax: 86-0513-55012956,55012947,55012969 ------------------------*/
   6          /* --- Tel: 86-0513-55012928,55012929,55012966 ------------------------*/
   7          /* --- Web: www.STCMCU.com --------------------------------------------*/
   8          /* --- Web: www.STCMCUDATA.com  ---------------------------------------*/
   9          /* --- QQ:  800003751 -------------------------------------------------*/
  10          /* ШчЙћвЊдкГЬађжаЪЙгУДЫДњТы,ЧыдкГЬађжазЂУїЪЙгУСЫSTCЕФзЪСЯМАГЬађ            */
  11          /*---------------------------------------------------------------------*/
  12          
  13          #include        "STC8G_H_GPIO.h"
  14          
  15          //========================================================================
  16          // КЏЪ§: u8     GPIO_Inilize(u8 GPIO, GPIO_InitTypeDef *GPIOx)
  17          // УшЪі: ГѕЪМЛЏIOПк.
  18          // ВЮЪ§: GPIOx: НсЙЙВЮЪ§,ЧыВЮПМtimer.hРяЕФЖЈвх.
  19          // ЗЕЛи: ГЩЙІЗЕЛи SUCCESS, ДэЮѓЗЕЛи FAIL.
  20          // АцБО: V1.0, 2012-10-22
  21          //========================================================================
  22          u8      GPIO_Inilize(u8 GPIO, GPIO_InitTypeDef *GPIOx)
  23          {
  24   1              if(GPIO > GPIO_P7)                              return FAIL;    //ДэЮѓ
  25   1              if(GPIOx->Mode > GPIO_OUT_PP)   return FAIL;    //ДэЮѓ
  26   1              if(GPIO == GPIO_P0)
  27   1              {
  28   2                      if(GPIOx->Mode == GPIO_PullUp)          P0M1 &= ~GPIOx->Pin,    P0M0 &= ~GPIOx->Pin;     //ЩЯР­зМЫЋЯђПк
  29   2                      if(GPIOx->Mode == GPIO_HighZ)                   P0M1 |=  GPIOx->Pin,    P0M0 &= ~GPIOx->Pin;     //ИЁПеЪфШы
  30   2                      if(GPIOx->Mode == GPIO_OUT_OD)          P0M1 |=  GPIOx->Pin,    P0M0 |=  GPIOx->Pin;     //ПЊТЉЪфГі
  31   2                      if(GPIOx->Mode == GPIO_OUT_PP)          P0M1 &= ~GPIOx->Pin,    P0M0 |=  GPIOx->Pin;     //ЭЦЭьЪфГі
  32   2              }
  33   1              if(GPIO == GPIO_P1)
  34   1              {
  35   2                      if(GPIOx->Mode == GPIO_PullUp)          P1M1 &= ~GPIOx->Pin,    P1M0 &= ~GPIOx->Pin;     //ЩЯР­зМЫЋЯђПк
  36   2                      if(GPIOx->Mode == GPIO_HighZ)                   P1M1 |=  GPIOx->Pin,    P1M0 &= ~GPIOx->Pin;     //ИЁПеЪфШы
  37   2                      if(GPIOx->Mode == GPIO_OUT_OD)          P1M1 |=  GPIOx->Pin,    P1M0 |=  GPIOx->Pin;     //ПЊТЉЪфГі
  38   2                      if(GPIOx->Mode == GPIO_OUT_PP)          P1M1 &= ~GPIOx->Pin,    P1M0 |=  GPIOx->Pin;     //ЭЦЭьЪфГі
  39   2              }
  40   1              if(GPIO == GPIO_P2)
  41   1              {
  42   2                      if(GPIOx->Mode == GPIO_PullUp)          P2M1 &= ~GPIOx->Pin,    P2M0 &= ~GPIOx->Pin;     //ЩЯР­зМЫЋЯђПк
  43   2                      if(GPIOx->Mode == GPIO_HighZ)                   P2M1 |=  GPIOx->Pin,    P2M0 &= ~GPIOx->Pin;     //ИЁПеЪфШы
  44   2                      if(GPIOx->Mode == GPIO_OUT_OD)          P2M1 |=  GPIOx->Pin,    P2M0 |=  GPIOx->Pin;     //ПЊТЉЪфГі
  45   2                      if(GPIOx->Mode == GPIO_OUT_PP)          P2M1 &= ~GPIOx->Pin,    P2M0 |=  GPIOx->Pin;     //ЭЦЭьЪфГі
  46   2              }
  47   1              if(GPIO == GPIO_P3)
  48   1              {
  49   2                      if(GPIOx->Mode == GPIO_PullUp)          P3M1 &= ~GPIOx->Pin,    P3M0 &= ~GPIOx->Pin;     //ЩЯР­зМЫЋЯђПк
  50   2                      if(GPIOx->Mode == GPIO_HighZ)                   P3M1 |=  GPIOx->Pin,    P3M0 &= ~GPIOx->Pin;     //ИЁПеЪфШы
  51   2                      if(GPIOx->Mode == GPIO_OUT_OD)          P3M1 |=  GPIOx->Pin,    P3M0 |=  GPIOx->Pin;     //ПЊТЉЪфГі
  52   2                      if(GPIOx->Mode == GPIO_OUT_PP)          P3M1 &= ~GPIOx->Pin,    P3M0 |=  GPIOx->Pin;     //ЭЦЭьЪфГі
  53   2              }
  54   1              if(GPIO == GPIO_P4)
C51 COMPILER V9.59.0.0   STC8G_H_GPIO                                                      07/12/2025 10:38:02 PAGE 2   

  55   1              {
  56   2                      if(GPIOx->Mode == GPIO_PullUp)          P4M1 &= ~GPIOx->Pin,    P4M0 &= ~GPIOx->Pin;     //ЩЯР­зМЫЋЯђПк
  57   2                      if(GPIOx->Mode == GPIO_HighZ)                   P4M1 |=  GPIOx->Pin,    P4M0 &= ~GPIOx->Pin;     //ИЁПеЪфШы
  58   2                      if(GPIOx->Mode == GPIO_OUT_OD)          P4M1 |=  GPIOx->Pin,    P4M0 |=  GPIOx->Pin;     //ПЊТЉЪфГі
  59   2                      if(GPIOx->Mode == GPIO_OUT_PP)          P4M1 &= ~GPIOx->Pin,    P4M0 |=  GPIOx->Pin;     //ЭЦЭьЪфГі
  60   2              }
  61   1              if(GPIO == GPIO_P5)
  62   1              {
  63   2                      if(GPIOx->Mode == GPIO_PullUp)          P5M1 &= ~GPIOx->Pin,    P5M0 &= ~GPIOx->Pin;     //ЩЯР­зМЫЋЯђПк
  64   2                      if(GPIOx->Mode == GPIO_HighZ)                   P5M1 |=  GPIOx->Pin,    P5M0 &= ~GPIOx->Pin;     //ИЁПеЪфШы
  65   2                      if(GPIOx->Mode == GPIO_OUT_OD)          P5M1 |=  GPIOx->Pin,    P5M0 |=  GPIOx->Pin;     //ПЊТЉЪфГі
  66   2                      if(GPIOx->Mode == GPIO_OUT_PP)          P5M1 &= ~GPIOx->Pin,    P5M0 |=  GPIOx->Pin;     //ЭЦЭьЪфГі
  67   2              }
  68   1              if(GPIO == GPIO_P6)
  69   1              {
  70   2                      if(GPIOx->Mode == GPIO_PullUp)          P6M1 &= ~GPIOx->Pin,    P6M0 &= ~GPIOx->Pin;     //ЩЯР­зМЫЋЯђПк
  71   2                      if(GPIOx->Mode == GPIO_HighZ)                   P6M1 |=  GPIOx->Pin,    P6M0 &= ~GPIOx->Pin;     //ИЁПеЪфШы
  72   2                      if(GPIOx->Mode == GPIO_OUT_OD)          P6M1 |=  GPIOx->Pin,    P6M0 |=  GPIOx->Pin;     //ПЊТЉЪфГі
  73   2                      if(GPIOx->Mode == GPIO_OUT_PP)          P6M1 &= ~GPIOx->Pin,    P6M0 |=  GPIOx->Pin;     //ЭЦЭьЪфГі
  74   2              }
  75   1              if(GPIO == GPIO_P7)
  76   1              {
  77   2                      if(GPIOx->Mode == GPIO_PullUp)          P7M1 &= ~GPIOx->Pin,    P7M0 &= ~GPIOx->Pin;     //ЩЯР­зМЫЋЯђПк
  78   2                      if(GPIOx->Mode == GPIO_HighZ)                   P7M1 |=  GPIOx->Pin,    P7M0 &= ~GPIOx->Pin;     //ИЁПеЪфШы
  79   2                      if(GPIOx->Mode == GPIO_OUT_OD)          P7M1 |=  GPIOx->Pin,    P7M0 |=  GPIOx->Pin;     //ПЊТЉЪфГі
  80   2                      if(GPIOx->Mode == GPIO_OUT_PP)          P7M1 &= ~GPIOx->Pin,    P7M0 |=  GPIOx->Pin;     //ЭЦЭьЪфГі
  81   2              }
  82   1              return SUCCESS; //ГЩЙІ
  83   1      }


MODULE INFORMATION:   STATIC OVERLAYABLE
   CODE SIZE        =    631    ----
   CONSTANT SIZE    =   ----    ----
   XDATA SIZE       =   ----    ----
   PDATA SIZE       =   ----    ----
   DATA SIZE        =   ----    ----
   IDATA SIZE       =   ----    ----
   BIT SIZE         =   ----    ----
   EDATA SIZE       =   ----    ----
   HDATA SIZE       =   ----    ----
   XDATA CONST SIZE =   ----    ----
   FAR CONST SIZE   =   ----    ----
END OF MODULE INFORMATION.


C51 COMPILATION COMPLETE.  0 WARNING(S),  0 ERROR(S)
